
ASEM-51 V1.3                                         Copyright (c) 2002 by W.W. Heinz                                         PAGE 1





       MCS-51 Family Macro Assembler   A S E M - 5 1   V 1.3
       =====================================================



	Source File:	..\..\第三组.ASM
	Object File:	Debug.HEX
	List File:	Debug.lst



 Line  I  Addr  Code            Source

    1:								; DESIGN BY HSYL007 14指令
    2:	  0000	7C 90			DB	7CH,90H         ; MOV    A,#90H    90H
    3:	  0002	94 03			DB	94H,03H		; WRITE	 03H,A (写控制字)
    4:	  0004	90 00		        DB      90H,00H         ; READ   A,#00H
    5:	  0006	7C 54			DB	7CH,54H         ; MOV    A,#54H    54H
    6:	  0008	94 01			DB	94H,01H		; WRITE	 01H,A
    7:	  000A	90 01			DB      90H,01H         ; READ   A,#01H
    8:
    9:	  000C	F0 11		        DB      0F0H,11H        ; XOR    A,#11H    45H
   10:	  000E	50 E8			DB	50H,0E8H	; AND	 A,#E8H    40H
   11:	  0010	60 37			DB      60H,37H		; OR	 A,#37H    77H
   12:	  0012	D4			DB      0D4H            ; RL     A	   EEH
   13:	  0013	AC 32			DB      0ACH,32H        ; JMP    32H
   14:	  0015	BC 22			DB      0BCH,22H        ; CALL   22H
   15:		N      0022		ORG     22H
   16:	  0022	C0			DB      0C0H		; IN  输入一个数显示出来
   17:	  0023	7C 01			DB	7CH,01H         ; MOV    A,#01H
   18:	  0025	D0			DB      0D0H            ; RR     A
   19:	  0026	CC			DB      0CCH            ; RET
   20:		N      0032		ORG     32H
   21:	  0032	7C FF			DB	7CH,0FFH        ; MOV    A,#FFH
   22:	  0034	1C 01			DB	1CH,01H		; ADD	 A,#01H     00H
   23:	  0036	A4 22			DB      0A4H,22H        ; JZ     22H
   24:	  0038	CC			DB      0CCH            ; RET
   25:				        END
   26:





                     register banks used:  ---

                     no errors




ASEM-51 V1.3                                         Copyright (c) 2002 by W.W. Heinz                                         PAGE 2





	       L I S T   O F   S Y M B O L S
	       =============================


SYMBOL				  TYPE     VALUE	LINE
------------------------------------------------------------
??ASEM_51			  NUMBER    8051
??VERSION			  NUMBER    0130
AC				  BIT	      D6
ACC				  DATA	      E0
B				  DATA	      F0
CY				  BIT	      D7
DPH				  DATA	      83
DPL				  DATA	      82
EA				  BIT	      AF
ES				  BIT	      AC
ET0				  BIT	      A9
ET1				  BIT	      AB
EX0				  BIT	      A8
EX1				  BIT	      AA
EXTI0				  CODE	    0003
EXTI1				  CODE	    0013
F0				  BIT	      D5
IE				  DATA	      A8
IE0				  BIT	      89
IE1				  BIT	      8B
INT0				  BIT	      B2
INT1				  BIT	      B3
IP				  DATA	      B8
IT0				  BIT	      88
IT1				  BIT	      8A
OV				  BIT	      D2
P				  BIT	      D0
P0				  DATA	      80
P1				  DATA	      90
P2				  DATA	      A0
P3				  DATA	      B0
PCON				  DATA	      87
PS				  BIT	      BC
PSW				  DATA	      D0
PT0				  BIT	      B9
PT1				  BIT	      BB
PX0				  BIT	      B8
PX1				  BIT	      BA
RB8				  BIT	      9A
RD				  BIT	      B7
REN				  BIT	      9C
RESET				  CODE	    0000
RI				  BIT	      98
RS0				  BIT	      D3
RS1				  BIT	      D4
RXD				  BIT	      B0
SBUF				  DATA	      99
SCON				  DATA	      98
SINT				  CODE	    0023
SM0				  BIT	      9F

ASEM-51 V1.3                                         Copyright (c) 2002 by W.W. Heinz                                         PAGE 3



SYMBOL				  TYPE     VALUE	LINE
------------------------------------------------------------
SM1				  BIT	      9E
SM2				  BIT	      9D
SP				  DATA	      81
T0				  BIT	      B4
T1				  BIT	      B5
TB8				  BIT	      9B
TCON				  DATA	      88
TF0				  BIT	      8D
TF1				  BIT	      8F
TH0				  DATA	      8C
TH1				  DATA	      8D
TI				  BIT	      99
TIMER0				  CODE	    000B
TIMER1				  CODE	    001B
TL0				  DATA	      8A
TL1				  DATA	      8B
TMOD				  DATA	      89
TR0				  BIT	      8C
TR1				  BIT	      8E
TXD				  BIT	      B1
WR				  BIT	      B6
